<?xml version="1.0" encoding="UTF-8"?>
<testsuite xmlns:xsi="http://www.w3.org/2001/XMLSchema-instance" xsi:noNamespaceSchemaLocation="https://maven.apache.org/surefire/maven-surefire-plugin/xsd/surefire-test-report-3.0.xsd" version="3.0" name="com.arch.seckill.SeckillApplicationTests" time="9.774" tests="1" errors="0" skipped="0" failures="0">
  <properties>
[...]
</properties>
  <testcase name="contextLoads" classname="com.arch.seckill.SeckillApplicationTests" time="1.679">
    <system-out><![CDATA[23:07:38.883 [main] INFO org.springframework.test.context.support.AnnotationConfigContextLoaderUtils -- Could not detect default configuration classes for test class [com.arch.seckill.SeckillApplicationTests]: SeckillApplicationTests does not declare any static, non-private, non-final, nested classes annotated with @Configuration.
23:07:39.099 [main] INFO org.springframework.boot.test.context.SpringBootTestContextBootstrapper -- Found @SpringBootConfiguration com.arch.seckill.SeckillApplication for test class com.arch.seckill.SeckillApplicationTests

  .   ____          _            __ _ _
 /\\ / ___'_ __ _ _(_)_ __  __ _ \ \ \ \
( ( )\___ | '_ | '_| | '_ \/ _` | \ \ \ \
 \\/  ___)| |_)| | | | | || (_| |  ) ) ) )
  '  |____| .__|_| |_|_| |_\__, | / / / /
 =========|_|==============|___/=/_/_/_/
 :: Spring Boot ::                (v3.2.4)

2024-04-15T23:07:39.950+08:00  INFO 12128 --- [           main] c.arch.seckill.SeckillApplicationTests   : Starting SeckillApplicationTests using Java 21.0.1 with PID 12128 (started by ThinkPad in D:\Projects\IdeaProjects\seckill)
2024-04-15T23:07:39.952+08:00  INFO 12128 --- [           main] c.arch.seckill.SeckillApplicationTests   : No active profile set, falling back to 1 default profile: "default"
2024-04-15T23:07:41.710+08:00  INFO 12128 --- [           main] .s.d.r.c.RepositoryConfigurationDelegate : Multiple Spring Data modules found, entering strict repository configuration mode
2024-04-15T23:07:41.719+08:00  INFO 12128 --- [           main] .s.d.r.c.RepositoryConfigurationDelegate : Bootstrapping Spring Data Redis repositories in DEFAULT mode.
2024-04-15T23:07:41.823+08:00  INFO 12128 --- [           main] .s.d.r.c.RepositoryConfigurationDelegate : Finished Spring Data repository scanning in 55 ms. Found 0 Redis repository interfaces.
 _ _   |_  _ _|_. ___ _ |    _ 
| | |\/|_)(_| | |_\  |_)||_|_\ 
     /               |         
                        3.5.5 
2024-04-15T23:07:46.424+08:00  INFO 12128 --- [           main] c.arch.seckill.SeckillApplicationTests   : Started SeckillApplicationTests in 7.031 seconds (process running for 9.157)
]]></system-out>
    <system-err><![CDATA[WARNING: A Java agent has been loaded dynamically (C:\Users\ThinkPad\.m2\repository\net\bytebuddy\byte-buddy-agent\1.14.12\byte-buddy-agent-1.14.12.jar)
WARNING: If a serviceability tool is in use, please run with -XX:+EnableDynamicAgentLoading to hide this warning
WARNING: If a serviceability tool is not in use, please run with -Djdk.instrument.traceUsage for more information
WARNING: Dynamic loading of agents will be disallowed by default in a future release
]]></system-err>
  </testcase>
</testsuite>